  Source.cpp
h:\year 3\shaders\fyassessment\terrain\src\source.cpp(106): warning C4244: 'initializing': conversion from 'double' to 'float', possible loss of data
h:\year 3\shaders\fyassessment\terrain\src\source.cpp(128): warning C4305: 'argument': truncation from 'double' to 'float'
h:\year 3\shaders\fyassessment\terrain\src\source.cpp(151): warning C4305: 'argument': truncation from 'double' to 'float'
h:\year 3\shaders\fyassessment\terrain\src\source.cpp(152): warning C4305: 'argument': truncation from 'double' to 'float'
h:\year 3\shaders\fyassessment\terrain\src\source.cpp(239): warning C4244: '=': conversion from 'double' to 'float', possible loss of data
h:\year 3\shaders\fyassessment\terrain\src\source.cpp(240): warning C4244: '=': conversion from 'double' to 'float', possible loss of data
h:\year 3\shaders\fyassessment\terrain\src\source.cpp(244): warning C4244: 'initializing': conversion from 'double' to 'float', possible loss of data
h:\year 3\shaders\fyassessment\terrain\src\source.cpp(245): warning C4244: 'initializing': conversion from 'double' to 'float', possible loss of data
h:\year 3\shaders\fyassessment\terrain\src\source.cpp(247): warning C4244: '=': conversion from 'double' to 'float', possible loss of data
h:\year 3\shaders\fyassessment\terrain\src\source.cpp(248): warning C4244: '=': conversion from 'double' to 'float', possible loss of data
h:\year 3\shaders\fyassessment\terrain\src\source.cpp(257): warning C4244: 'argument': conversion from 'double' to 'float', possible loss of data
  Terrain.cpp
h:\year 3\shaders\fyassessment\terrain\src\terrain.cpp(13): warning C4244: 'argument': conversion from 'time_t' to 'unsigned int', possible loss of data
h:\year 3\shaders\fyassessment\terrain\src\terrain.cpp(14): warning C4244: '=': conversion from 'int' to 'float', possible loss of data
h:\year 3\shaders\fyassessment\terrain\src\terrain.cpp(16): warning C4244: 'argument': conversion from 'float' to 'unsigned int', possible loss of data
h:\year 3\shaders\fyassessment\terrain\src\terrain.cpp(62): warning C4244: 'initializing': conversion from 'int' to 'float', possible loss of data
h:\year 3\shaders\fyassessment\terrain\src\terrain.cpp(64): warning C4244: 'initializing': conversion from 'int' to 'float', possible loss of data
h:\year 3\shaders\fyassessment\terrain\src\terrain.cpp(65): warning C4244: 'argument': conversion from 'float' to 'int', possible loss of data
h:\year 3\shaders\fyassessment\terrain\src\terrain.cpp(66): warning C4244: 'argument': conversion from 'float' to 'int', possible loss of data
h:\year 3\shaders\fyassessment\terrain\src\terrain.cpp(67): warning C4244: 'argument': conversion from 'float' to 'int', possible loss of data
h:\year 3\shaders\fyassessment\terrain\src\terrain.cpp(68): warning C4244: 'argument': conversion from 'float' to 'int', possible loss of data
h:\year 3\shaders\fyassessment\terrain\src\terrain.cpp(69): warning C4244: 'argument': conversion from 'float' to 'int', possible loss of data
h:\year 3\shaders\fyassessment\terrain\src\terrain.cpp(70): warning C4244: 'argument': conversion from 'float' to 'int', possible loss of data
h:\year 3\shaders\fyassessment\terrain\src\terrain.cpp(99): warning C4244: '+=': conversion from 'double' to 'float', possible loss of data
  Generating Code...
glfw3.lib(context.obj) : warning LNK4099: PDB 'glfw.pdb' was not found with 'glfw3.lib(context.obj)' or at 'H:\year 3\Shaders\FYAssessment\Debug\glfw.pdb'; linking object as if no debug info
glfw3.lib(init.obj) : warning LNK4099: PDB 'glfw.pdb' was not found with 'glfw3.lib(init.obj)' or at 'H:\year 3\Shaders\FYAssessment\Debug\glfw.pdb'; linking object as if no debug info
glfw3.lib(input.obj) : warning LNK4099: PDB 'glfw.pdb' was not found with 'glfw3.lib(input.obj)' or at 'H:\year 3\Shaders\FYAssessment\Debug\glfw.pdb'; linking object as if no debug info
glfw3.lib(monitor.obj) : warning LNK4099: PDB 'glfw.pdb' was not found with 'glfw3.lib(monitor.obj)' or at 'H:\year 3\Shaders\FYAssessment\Debug\glfw.pdb'; linking object as if no debug info
glfw3.lib(vulkan.obj) : warning LNK4099: PDB 'glfw.pdb' was not found with 'glfw3.lib(vulkan.obj)' or at 'H:\year 3\Shaders\FYAssessment\Debug\glfw.pdb'; linking object as if no debug info
glfw3.lib(window.obj) : warning LNK4099: PDB 'glfw.pdb' was not found with 'glfw3.lib(window.obj)' or at 'H:\year 3\Shaders\FYAssessment\Debug\glfw.pdb'; linking object as if no debug info
glfw3.lib(win32_init.obj) : warning LNK4099: PDB 'glfw.pdb' was not found with 'glfw3.lib(win32_init.obj)' or at 'H:\year 3\Shaders\FYAssessment\Debug\glfw.pdb'; linking object as if no debug info
glfw3.lib(win32_joystick.obj) : warning LNK4099: PDB 'glfw.pdb' was not found with 'glfw3.lib(win32_joystick.obj)' or at 'H:\year 3\Shaders\FYAssessment\Debug\glfw.pdb'; linking object as if no debug info
glfw3.lib(win32_monitor.obj) : warning LNK4099: PDB 'glfw.pdb' was not found with 'glfw3.lib(win32_monitor.obj)' or at 'H:\year 3\Shaders\FYAssessment\Debug\glfw.pdb'; linking object as if no debug info
glfw3.lib(win32_time.obj) : warning LNK4099: PDB 'glfw.pdb' was not found with 'glfw3.lib(win32_time.obj)' or at 'H:\year 3\Shaders\FYAssessment\Debug\glfw.pdb'; linking object as if no debug info
glfw3.lib(win32_thread.obj) : warning LNK4099: PDB 'glfw.pdb' was not found with 'glfw3.lib(win32_thread.obj)' or at 'H:\year 3\Shaders\FYAssessment\Debug\glfw.pdb'; linking object as if no debug info
glfw3.lib(win32_window.obj) : warning LNK4099: PDB 'glfw.pdb' was not found with 'glfw3.lib(win32_window.obj)' or at 'H:\year 3\Shaders\FYAssessment\Debug\glfw.pdb'; linking object as if no debug info
glfw3.lib(wgl_context.obj) : warning LNK4099: PDB 'glfw.pdb' was not found with 'glfw3.lib(wgl_context.obj)' or at 'H:\year 3\Shaders\FYAssessment\Debug\glfw.pdb'; linking object as if no debug info
glfw3.lib(egl_context.obj) : warning LNK4099: PDB 'glfw.pdb' was not found with 'glfw3.lib(egl_context.obj)' or at 'H:\year 3\Shaders\FYAssessment\Debug\glfw.pdb'; linking object as if no debug info
glfw3.lib(osmesa_context.obj) : warning LNK4099: PDB 'glfw.pdb' was not found with 'glfw3.lib(osmesa_context.obj)' or at 'H:\year 3\Shaders\FYAssessment\Debug\glfw.pdb'; linking object as if no debug info
  Terrain.vcxproj -> H:\year 3\Shaders\FYAssessment\Debug\Terrain.exe
